[2023-12-03 10:21:20,523] multiqc                                            [DEBUG  ]  This is MultiQC v1.12
[2023-12-03 10:21:20,523] multiqc                                            [DEBUG  ]  No MultiQC config found: /sw/bioinfo/MultiQC/1.12/rackham/lib/python3.8/site-packages/multiqc_config.yaml
[2023-12-03 10:21:20,524] multiqc                                            [DEBUG  ]  No MultiQC config found: /home/qunli/.multiqc_config.yaml
[2023-12-03 10:21:20,525] multiqc                                            [DEBUG  ]  No MultiQC config found: multiqc_config.yaml
[2023-12-03 10:21:20,525] multiqc                                            [DEBUG  ]  Command used: /sw/bioinfo/MultiQC/1.12/rackham/bin/multiqc ./
[2023-12-03 10:21:21,301] multiqc                                            [WARNING]  MultiQC Version v1.17 now available!
[2023-12-03 10:21:21,301] multiqc                                            [DEBUG  ]  Command     : /sw/bioinfo/MultiQC/1.12/rackham/bin/multiqc ./
[2023-12-03 10:21:21,301] multiqc                                            [DEBUG  ]  Working dir : /crex/proj/snic2020-16-228/Qun/QunAnalysis/finalResult/trimmedFQ
[2023-12-03 10:21:21,301] multiqc                                            [DEBUG  ]  Template    : default
[2023-12-03 10:21:21,301] multiqc                                            [DEBUG  ]  Running Python 3.8.7 (default, Feb  1 2021, 11:54:01)  [GCC 8.3.0]
[2023-12-03 10:21:21,302] multiqc                                            [DEBUG  ]  Analysing modules: custom_content, ccs, ngsderive, purple, conpair, lima, peddy, somalier, methylQA, mosdepth, phantompeakqualtools, qualimap, preseq, quast, qorts, rna_seqc, rockhopper, rsem, rseqc, busco, bustools, goleft_indexcov, gffcompare, disambiguate, supernova, deeptools, sargasso, verifybamid, mirtrace, happy, mirtop, sambamba, homer, hops, macs2, theta2, snpeff, gatk, htseq, bcftools, featureCounts, fgbio, dragen, dedup, pbmarkdup, damageprofiler, biobambam2, jcvi, mtnucratio, picard, vep, sentieon, prokka, qc3C, nanostat, samblaster, samtools, sexdeterrmine, eigenstratdatabasetools, bamtools, jellyfish, vcftools, longranger, stacks, varscan2, snippy, bbmap, bismark, biscuit, hicexplorer, hicup, hicpro, salmon, kallisto, slamdunk, star, hisat2, tophat, bowtie2, bowtie1, snpsplit, odgi, pangolin, kat, leehom, adapterRemoval, clipandmerge, cutadapt, flexbar, kaiju, kraken, malt, trimmomatic, sickle, skewer, sortmerna, biobloomtools, fastq_screen, afterqc, fastp, fastqc, pychopper, pycoqc, minionqc, multivcfanalyzer, clusterflow, checkqc, bcl2fastq, bclconvert, interop, ivar, flash, seqyclean, optitype, whatshap
[2023-12-03 10:21:21,302] multiqc                                            [DEBUG  ]  Using temporary directory for creating report: /scratch/tmpw4ffpr4g
[2023-12-03 10:21:21,561] multiqc                                            [INFO   ]  Search path : /crex/proj/snic2020-16-228/Qun/QunAnalysis/finalResult/trimmedFQ
[2023-12-03 10:21:21,620] multiqc                                            [DEBUG  ]  File ignored by ccs/v4 because it exceeded search pattern filesize limit: CK0817_S2_L001_R1_001.fastq.gz_trimming_report.txt
[2023-12-03 10:21:21,628] multiqc                                            [DEBUG  ]  File ignored by lima/summary because it exceeded search pattern filesize limit: CK0817_S2_L001_R1_001.fastq.gz_trimming_report.txt
[2023-12-03 10:21:21,643] multiqc                                            [DEBUG  ]  File ignored by longranger/invocation because it exceeded search pattern filesize limit: CK0817_S2_L001_R1_001.fastq.gz_trimming_report.txt
[2023-12-03 10:21:21,679] multiqc                                            [DEBUG  ]  Ignoring file as matched an ignore pattern: CK0817_S2_L001_R2_001_val_2.fq.gz
[2023-12-03 10:21:21,710] multiqc                                            [DEBUG  ]  File ignored by ccs/v4 because it exceeded search pattern filesize limit: CK0819_S4_L001_R1_001.fastq.gz_trimming_report.txt
[2023-12-03 10:21:21,718] multiqc                                            [DEBUG  ]  File ignored by lima/summary because it exceeded search pattern filesize limit: CK0819_S4_L001_R1_001.fastq.gz_trimming_report.txt
[2023-12-03 10:21:21,731] multiqc                                            [DEBUG  ]  File ignored by longranger/invocation because it exceeded search pattern filesize limit: CK0819_S4_L001_R1_001.fastq.gz_trimming_report.txt
[2023-12-03 10:21:21,784] multiqc                                            [DEBUG  ]  File ignored by ccs/v4 because it exceeded search pattern filesize limit: CK0817_S2_L001_R2_001.fastq.gz_trimming_report.txt
[2023-12-03 10:21:21,792] multiqc                                            [DEBUG  ]  File ignored by lima/summary because it exceeded search pattern filesize limit: CK0817_S2_L001_R2_001.fastq.gz_trimming_report.txt
[2023-12-03 10:21:21,806] multiqc                                            [DEBUG  ]  File ignored by longranger/invocation because it exceeded search pattern filesize limit: CK0817_S2_L001_R2_001.fastq.gz_trimming_report.txt
[2023-12-03 10:21:21,861] multiqc                                            [DEBUG  ]  File ignored by ccs/v4 because it exceeded search pattern filesize limit: CK0818_S3_L001_R1_001.fastq.gz_trimming_report.txt
[2023-12-03 10:21:21,869] multiqc                                            [DEBUG  ]  File ignored by lima/summary because it exceeded search pattern filesize limit: CK0818_S3_L001_R1_001.fastq.gz_trimming_report.txt
[2023-12-03 10:21:21,885] multiqc                                            [DEBUG  ]  File ignored by longranger/invocation because it exceeded search pattern filesize limit: CK0818_S3_L001_R1_001.fastq.gz_trimming_report.txt
[2023-12-03 10:21:21,924] multiqc                                            [DEBUG  ]  File ignored by ccs/v4 because it exceeded search pattern filesize limit: CK0820_S5_L001_R2_001_val_2_fastqc.html
[2023-12-03 10:21:21,931] multiqc                                            [DEBUG  ]  File ignored by hicexplorer because it exceeded search pattern filesize limit: CK0820_S5_L001_R2_001_val_2_fastqc.html
[2023-12-03 10:21:21,932] multiqc                                            [DEBUG  ]  File ignored by lima/summary because it exceeded search pattern filesize limit: CK0820_S5_L001_R2_001_val_2_fastqc.html
[2023-12-03 10:21:21,944] multiqc                                            [DEBUG  ]  File ignored by vep/vep_txt because it exceeded search pattern filesize limit: CK0820_S5_L001_R2_001_val_2_fastqc.html
[2023-12-03 10:21:21,945] multiqc                                            [DEBUG  ]  File ignored by longranger/invocation because it exceeded search pattern filesize limit: CK0820_S5_L001_R2_001_val_2_fastqc.html
[2023-12-03 10:21:22,013] multiqc                                            [DEBUG  ]  File ignored by nanostat because it exceeded search pattern filesize limit: CK0820_S5_L001_R2_001_val_2_fastqc.html
[2023-12-03 10:21:22,031] multiqc                                            [DEBUG  ]  File ignored by ccs/v4 because it exceeded search pattern filesize limit: CK0816_S1_L001_R2_001_val_2_fastqc.html
[2023-12-03 10:21:22,038] multiqc                                            [DEBUG  ]  File ignored by hicexplorer because it exceeded search pattern filesize limit: CK0816_S1_L001_R2_001_val_2_fastqc.html
[2023-12-03 10:21:22,039] multiqc                                            [DEBUG  ]  File ignored by lima/summary because it exceeded search pattern filesize limit: CK0816_S1_L001_R2_001_val_2_fastqc.html
[2023-12-03 10:21:22,052] multiqc                                            [DEBUG  ]  File ignored by vep/vep_txt because it exceeded search pattern filesize limit: CK0816_S1_L001_R2_001_val_2_fastqc.html
[2023-12-03 10:21:22,052] multiqc                                            [DEBUG  ]  File ignored by longranger/invocation because it exceeded search pattern filesize limit: CK0816_S1_L001_R2_001_val_2_fastqc.html
[2023-12-03 10:21:22,118] multiqc                                            [DEBUG  ]  File ignored by nanostat because it exceeded search pattern filesize limit: CK0816_S1_L001_R2_001_val_2_fastqc.html
[2023-12-03 10:21:22,135] multiqc                                            [DEBUG  ]  File ignored by ccs/v4 because it exceeded search pattern filesize limit: CK0818_S3_L001_R1_001_val_1_fastqc.html
[2023-12-03 10:21:22,142] multiqc                                            [DEBUG  ]  File ignored by hicexplorer because it exceeded search pattern filesize limit: CK0818_S3_L001_R1_001_val_1_fastqc.html
[2023-12-03 10:21:22,143] multiqc                                            [DEBUG  ]  File ignored by lima/summary because it exceeded search pattern filesize limit: CK0818_S3_L001_R1_001_val_1_fastqc.html
[2023-12-03 10:21:22,155] multiqc                                            [DEBUG  ]  File ignored by vep/vep_txt because it exceeded search pattern filesize limit: CK0818_S3_L001_R1_001_val_1_fastqc.html
[2023-12-03 10:21:22,155] multiqc                                            [DEBUG  ]  File ignored by longranger/invocation because it exceeded search pattern filesize limit: CK0818_S3_L001_R1_001_val_1_fastqc.html
[2023-12-03 10:21:22,220] multiqc                                            [DEBUG  ]  File ignored by nanostat because it exceeded search pattern filesize limit: CK0818_S3_L001_R1_001_val_1_fastqc.html
[2023-12-03 10:21:22,239] multiqc                                            [DEBUG  ]  File ignored by ccs/v4 because it exceeded search pattern filesize limit: CK0824_S9_L001_R2_001_val_2_fastqc.html
[2023-12-03 10:21:22,246] multiqc                                            [DEBUG  ]  File ignored by hicexplorer because it exceeded search pattern filesize limit: CK0824_S9_L001_R2_001_val_2_fastqc.html
[2023-12-03 10:21:22,246] multiqc                                            [DEBUG  ]  File ignored by lima/summary because it exceeded search pattern filesize limit: CK0824_S9_L001_R2_001_val_2_fastqc.html
[2023-12-03 10:21:22,259] multiqc                                            [DEBUG  ]  File ignored by vep/vep_txt because it exceeded search pattern filesize limit: CK0824_S9_L001_R2_001_val_2_fastqc.html
[2023-12-03 10:21:22,259] multiqc                                            [DEBUG  ]  File ignored by longranger/invocation because it exceeded search pattern filesize limit: CK0824_S9_L001_R2_001_val_2_fastqc.html
[2023-12-03 10:21:22,325] multiqc                                            [DEBUG  ]  File ignored by nanostat because it exceeded search pattern filesize limit: CK0824_S9_L001_R2_001_val_2_fastqc.html
[2023-12-03 10:21:22,351] multiqc                                            [DEBUG  ]  File ignored by ccs/v4 because it exceeded search pattern filesize limit: CK0816_S1_L001_R1_001.fastq.gz_trimming_report.txt
[2023-12-03 10:21:22,359] multiqc                                            [DEBUG  ]  File ignored by lima/summary because it exceeded search pattern filesize limit: CK0816_S1_L001_R1_001.fastq.gz_trimming_report.txt
[2023-12-03 10:21:22,373] multiqc                                            [DEBUG  ]  File ignored by longranger/invocation because it exceeded search pattern filesize limit: CK0816_S1_L001_R1_001.fastq.gz_trimming_report.txt
[2023-12-03 10:21:22,417] multiqc                                            [DEBUG  ]  File ignored by ccs/v4 because it exceeded search pattern filesize limit: CK0822_S7_L001_R2_001_val_2_fastqc.html
[2023-12-03 10:21:22,424] multiqc                                            [DEBUG  ]  File ignored by hicexplorer because it exceeded search pattern filesize limit: CK0822_S7_L001_R2_001_val_2_fastqc.html
[2023-12-03 10:21:22,424] multiqc                                            [DEBUG  ]  File ignored by lima/summary because it exceeded search pattern filesize limit: CK0822_S7_L001_R2_001_val_2_fastqc.html
[2023-12-03 10:21:22,437] multiqc                                            [DEBUG  ]  File ignored by vep/vep_txt because it exceeded search pattern filesize limit: CK0822_S7_L001_R2_001_val_2_fastqc.html
[2023-12-03 10:21:22,437] multiqc                                            [DEBUG  ]  File ignored by longranger/invocation because it exceeded search pattern filesize limit: CK0822_S7_L001_R2_001_val_2_fastqc.html
[2023-12-03 10:21:22,499] multiqc                                            [DEBUG  ]  File ignored by nanostat because it exceeded search pattern filesize limit: CK0822_S7_L001_R2_001_val_2_fastqc.html
[2023-12-03 10:21:22,519] multiqc                                            [DEBUG  ]  File ignored by ccs/v4 because it exceeded search pattern filesize limit: CK0821_S6_L001_R2_001_val_2_fastqc.html
[2023-12-03 10:21:22,526] multiqc                                            [DEBUG  ]  File ignored by hicexplorer because it exceeded search pattern filesize limit: CK0821_S6_L001_R2_001_val_2_fastqc.html
[2023-12-03 10:21:22,526] multiqc                                            [DEBUG  ]  File ignored by lima/summary because it exceeded search pattern filesize limit: CK0821_S6_L001_R2_001_val_2_fastqc.html
[2023-12-03 10:21:22,539] multiqc                                            [DEBUG  ]  File ignored by vep/vep_txt because it exceeded search pattern filesize limit: CK0821_S6_L001_R2_001_val_2_fastqc.html
[2023-12-03 10:21:22,539] multiqc                                            [DEBUG  ]  File ignored by longranger/invocation because it exceeded search pattern filesize limit: CK0821_S6_L001_R2_001_val_2_fastqc.html
[2023-12-03 10:21:22,601] multiqc                                            [DEBUG  ]  File ignored by nanostat because it exceeded search pattern filesize limit: CK0821_S6_L001_R2_001_val_2_fastqc.html
[2023-12-03 10:21:22,609] multiqc                                            [DEBUG  ]  Ignoring file as matched an ignore pattern: CK0820_S5_L001_R2_001_val_2.fq.gz
[2023-12-03 10:21:22,633] multiqc                                            [DEBUG  ]  File ignored by ccs/v4 because it exceeded search pattern filesize limit: CK0820_S5_L001_R1_001.fastq.gz_trimming_report.txt
[2023-12-03 10:21:22,640] multiqc                                            [DEBUG  ]  File ignored by lima/summary because it exceeded search pattern filesize limit: CK0820_S5_L001_R1_001.fastq.gz_trimming_report.txt
[2023-12-03 10:21:22,653] multiqc                                            [DEBUG  ]  File ignored by longranger/invocation because it exceeded search pattern filesize limit: CK0820_S5_L001_R1_001.fastq.gz_trimming_report.txt
[2023-12-03 10:21:22,712] multiqc                                            [DEBUG  ]  File ignored by ccs/v4 because it exceeded search pattern filesize limit: CK0819_S4_L001_R2_001.fastq.gz_trimming_report.txt
[2023-12-03 10:21:22,720] multiqc                                            [DEBUG  ]  File ignored by lima/summary because it exceeded search pattern filesize limit: CK0819_S4_L001_R2_001.fastq.gz_trimming_report.txt
[2023-12-03 10:21:22,733] multiqc                                            [DEBUG  ]  File ignored by longranger/invocation because it exceeded search pattern filesize limit: CK0819_S4_L001_R2_001.fastq.gz_trimming_report.txt
[2023-12-03 10:21:22,787] multiqc                                            [DEBUG  ]  File ignored by ccs/v4 because it exceeded search pattern filesize limit: CK0816_S1_L001_R2_001.fastq.gz_trimming_report.txt
[2023-12-03 10:21:22,795] multiqc                                            [DEBUG  ]  File ignored by lima/summary because it exceeded search pattern filesize limit: CK0816_S1_L001_R2_001.fastq.gz_trimming_report.txt
[2023-12-03 10:21:22,808] multiqc                                            [DEBUG  ]  File ignored by longranger/invocation because it exceeded search pattern filesize limit: CK0816_S1_L001_R2_001.fastq.gz_trimming_report.txt
[2023-12-03 10:21:22,851] multiqc                                            [DEBUG  ]  File ignored by ccs/v4 because it exceeded search pattern filesize limit: CK0822_S7_L001_R1_001_val_1_fastqc.html
[2023-12-03 10:21:22,857] multiqc                                            [DEBUG  ]  File ignored by hicexplorer because it exceeded search pattern filesize limit: CK0822_S7_L001_R1_001_val_1_fastqc.html
[2023-12-03 10:21:22,858] multiqc                                            [DEBUG  ]  File ignored by lima/summary because it exceeded search pattern filesize limit: CK0822_S7_L001_R1_001_val_1_fastqc.html
[2023-12-03 10:21:22,871] multiqc                                            [DEBUG  ]  File ignored by vep/vep_txt because it exceeded search pattern filesize limit: CK0822_S7_L001_R1_001_val_1_fastqc.html
[2023-12-03 10:21:22,871] multiqc                                            [DEBUG  ]  File ignored by longranger/invocation because it exceeded search pattern filesize limit: CK0822_S7_L001_R1_001_val_1_fastqc.html
[2023-12-03 10:21:22,937] multiqc                                            [DEBUG  ]  File ignored by nanostat because it exceeded search pattern filesize limit: CK0822_S7_L001_R1_001_val_1_fastqc.html
[2023-12-03 10:21:22,942] multiqc                                            [DEBUG  ]  Ignoring file as matched an ignore pattern: CK0817_S2_L001_R1_001_val_1.fq.gz
[2023-12-03 10:21:22,955] multiqc                                            [DEBUG  ]  File ignored by ccs/v4 because it exceeded search pattern filesize limit: CK0820_S5_L001_R1_001_val_1_fastqc.html
[2023-12-03 10:21:22,961] multiqc                                            [DEBUG  ]  File ignored by hicexplorer because it exceeded search pattern filesize limit: CK0820_S5_L001_R1_001_val_1_fastqc.html
[2023-12-03 10:21:22,962] multiqc                                            [DEBUG  ]  File ignored by lima/summary because it exceeded search pattern filesize limit: CK0820_S5_L001_R1_001_val_1_fastqc.html
[2023-12-03 10:21:22,975] multiqc                                            [DEBUG  ]  File ignored by vep/vep_txt because it exceeded search pattern filesize limit: CK0820_S5_L001_R1_001_val_1_fastqc.html
[2023-12-03 10:21:22,975] multiqc                                            [DEBUG  ]  File ignored by longranger/invocation because it exceeded search pattern filesize limit: CK0820_S5_L001_R1_001_val_1_fastqc.html
[2023-12-03 10:21:23,047] multiqc                                            [DEBUG  ]  File ignored by nanostat because it exceeded search pattern filesize limit: CK0820_S5_L001_R1_001_val_1_fastqc.html
[2023-12-03 10:21:23,065] multiqc                                            [DEBUG  ]  File ignored by ccs/v4 because it exceeded search pattern filesize limit: CK0819_S4_L001_R2_001_val_2_fastqc.html
[2023-12-03 10:21:23,073] multiqc                                            [DEBUG  ]  File ignored by hicexplorer because it exceeded search pattern filesize limit: CK0819_S4_L001_R2_001_val_2_fastqc.html
[2023-12-03 10:21:23,074] multiqc                                            [DEBUG  ]  File ignored by lima/summary because it exceeded search pattern filesize limit: CK0819_S4_L001_R2_001_val_2_fastqc.html
[2023-12-03 10:21:23,088] multiqc                                            [DEBUG  ]  File ignored by vep/vep_txt because it exceeded search pattern filesize limit: CK0819_S4_L001_R2_001_val_2_fastqc.html
[2023-12-03 10:21:23,089] multiqc                                            [DEBUG  ]  File ignored by longranger/invocation because it exceeded search pattern filesize limit: CK0819_S4_L001_R2_001_val_2_fastqc.html
[2023-12-03 10:21:23,155] multiqc                                            [DEBUG  ]  File ignored by nanostat because it exceeded search pattern filesize limit: CK0819_S4_L001_R2_001_val_2_fastqc.html
[2023-12-03 10:21:23,161] multiqc                                            [DEBUG  ]  Ignoring file as matched an ignore pattern: CK0823_S8_L001_R1_001_val_1.fq.gz
[2023-12-03 10:21:23,202] multiqc                                            [DEBUG  ]  File ignored by ccs/v4 because it exceeded search pattern filesize limit: CK0818_S3_L001_R2_001.fastq.gz_trimming_report.txt
[2023-12-03 10:21:23,209] multiqc                                            [DEBUG  ]  File ignored by lima/summary because it exceeded search pattern filesize limit: CK0818_S3_L001_R2_001.fastq.gz_trimming_report.txt
[2023-12-03 10:21:23,222] multiqc                                            [DEBUG  ]  File ignored by longranger/invocation because it exceeded search pattern filesize limit: CK0818_S3_L001_R2_001.fastq.gz_trimming_report.txt
[2023-12-03 10:21:23,253] multiqc                                            [DEBUG  ]  Ignoring file as matched an ignore pattern: CK0822_S7_L001_R2_001_val_2.fq.gz
[2023-12-03 10:21:23,253] multiqc                                            [DEBUG  ]  Ignoring file as matched an ignore pattern: CK0824_S9_L001_R2_001_val_2.fq.gz
[2023-12-03 10:21:23,253] multiqc                                            [DEBUG  ]  Ignoring file as matched an ignore pattern: CK0816_S1_L001_R1_001_val_1.fq.gz
[2023-12-03 10:21:23,272] multiqc                                            [DEBUG  ]  File ignored by ccs/v4 because it exceeded search pattern filesize limit: CK0820_S5_L001_R2_001.fastq.gz_trimming_report.txt
[2023-12-03 10:21:23,279] multiqc                                            [DEBUG  ]  File ignored by lima/summary because it exceeded search pattern filesize limit: CK0820_S5_L001_R2_001.fastq.gz_trimming_report.txt
[2023-12-03 10:21:23,292] multiqc                                            [DEBUG  ]  File ignored by longranger/invocation because it exceeded search pattern filesize limit: CK0820_S5_L001_R2_001.fastq.gz_trimming_report.txt
[2023-12-03 10:21:23,342] multiqc                                            [DEBUG  ]  File ignored by ccs/v4 because it exceeded search pattern filesize limit: CK0821_S6_L001_R1_001.fastq.gz_trimming_report.txt
[2023-12-03 10:21:23,349] multiqc                                            [DEBUG  ]  File ignored by lima/summary because it exceeded search pattern filesize limit: CK0821_S6_L001_R1_001.fastq.gz_trimming_report.txt
[2023-12-03 10:21:23,362] multiqc                                            [DEBUG  ]  File ignored by longranger/invocation because it exceeded search pattern filesize limit: CK0821_S6_L001_R1_001.fastq.gz_trimming_report.txt
[2023-12-03 10:21:23,389] multiqc                                            [DEBUG  ]  Ignoring file as matched an ignore pattern: CK0822_S7_L001_R1_001_val_1.fq.gz
[2023-12-03 10:21:23,390] multiqc                                            [DEBUG  ]  Ignoring file as matched an ignore pattern: CK0821_S6_L001_R1_001_val_1.fq.gz
[2023-12-03 10:21:23,402] multiqc                                            [DEBUG  ]  File ignored by ccs/v4 because it exceeded search pattern filesize limit: CK0823_S8_L001_R2_001_val_2_fastqc.html
[2023-12-03 10:21:23,409] multiqc                                            [DEBUG  ]  File ignored by hicexplorer because it exceeded search pattern filesize limit: CK0823_S8_L001_R2_001_val_2_fastqc.html
[2023-12-03 10:21:23,410] multiqc                                            [DEBUG  ]  File ignored by lima/summary because it exceeded search pattern filesize limit: CK0823_S8_L001_R2_001_val_2_fastqc.html
[2023-12-03 10:21:23,423] multiqc                                            [DEBUG  ]  File ignored by vep/vep_txt because it exceeded search pattern filesize limit: CK0823_S8_L001_R2_001_val_2_fastqc.html
[2023-12-03 10:21:23,423] multiqc                                            [DEBUG  ]  File ignored by longranger/invocation because it exceeded search pattern filesize limit: CK0823_S8_L001_R2_001_val_2_fastqc.html
[2023-12-03 10:21:23,489] multiqc                                            [DEBUG  ]  File ignored by nanostat because it exceeded search pattern filesize limit: CK0823_S8_L001_R2_001_val_2_fastqc.html
[2023-12-03 10:21:23,506] multiqc                                            [DEBUG  ]  File ignored by ccs/v4 because it exceeded search pattern filesize limit: CK0821_S6_L001_R1_001_val_1_fastqc.html
[2023-12-03 10:21:23,512] multiqc                                            [DEBUG  ]  File ignored by hicexplorer because it exceeded search pattern filesize limit: CK0821_S6_L001_R1_001_val_1_fastqc.html
[2023-12-03 10:21:23,513] multiqc                                            [DEBUG  ]  File ignored by lima/summary because it exceeded search pattern filesize limit: CK0821_S6_L001_R1_001_val_1_fastqc.html
[2023-12-03 10:21:23,525] multiqc                                            [DEBUG  ]  File ignored by vep/vep_txt because it exceeded search pattern filesize limit: CK0821_S6_L001_R1_001_val_1_fastqc.html
[2023-12-03 10:21:23,526] multiqc                                            [DEBUG  ]  File ignored by longranger/invocation because it exceeded search pattern filesize limit: CK0821_S6_L001_R1_001_val_1_fastqc.html
[2023-12-03 10:21:23,592] multiqc                                            [DEBUG  ]  File ignored by nanostat because it exceeded search pattern filesize limit: CK0821_S6_L001_R1_001_val_1_fastqc.html
[2023-12-03 10:21:23,623] multiqc                                            [DEBUG  ]  File ignored by ccs/v4 because it exceeded search pattern filesize limit: CK0823_S8_L001_R1_001.fastq.gz_trimming_report.txt
[2023-12-03 10:21:23,632] multiqc                                            [DEBUG  ]  File ignored by lima/summary because it exceeded search pattern filesize limit: CK0823_S8_L001_R1_001.fastq.gz_trimming_report.txt
[2023-12-03 10:21:23,649] multiqc                                            [DEBUG  ]  File ignored by longranger/invocation because it exceeded search pattern filesize limit: CK0823_S8_L001_R1_001.fastq.gz_trimming_report.txt
[2023-12-03 10:21:23,707] multiqc                                            [DEBUG  ]  File ignored by ccs/v4 because it exceeded search pattern filesize limit: CK0821_S6_L001_R2_001.fastq.gz_trimming_report.txt
[2023-12-03 10:21:23,715] multiqc                                            [DEBUG  ]  File ignored by lima/summary because it exceeded search pattern filesize limit: CK0821_S6_L001_R2_001.fastq.gz_trimming_report.txt
[2023-12-03 10:21:23,728] multiqc                                            [DEBUG  ]  File ignored by longranger/invocation because it exceeded search pattern filesize limit: CK0821_S6_L001_R2_001.fastq.gz_trimming_report.txt
[2023-12-03 10:21:23,780] multiqc                                            [DEBUG  ]  File ignored by ccs/v4 because it exceeded search pattern filesize limit: CK0823_S8_L001_R2_001.fastq.gz_trimming_report.txt
[2023-12-03 10:21:23,787] multiqc                                            [DEBUG  ]  File ignored by lima/summary because it exceeded search pattern filesize limit: CK0823_S8_L001_R2_001.fastq.gz_trimming_report.txt
[2023-12-03 10:21:23,800] multiqc                                            [DEBUG  ]  File ignored by longranger/invocation because it exceeded search pattern filesize limit: CK0823_S8_L001_R2_001.fastq.gz_trimming_report.txt
[2023-12-03 10:21:23,852] multiqc                                            [DEBUG  ]  File ignored by ccs/v4 because it exceeded search pattern filesize limit: CK0824_S9_L001_R1_001.fastq.gz_trimming_report.txt
[2023-12-03 10:21:23,860] multiqc                                            [DEBUG  ]  File ignored by lima/summary because it exceeded search pattern filesize limit: CK0824_S9_L001_R1_001.fastq.gz_trimming_report.txt
[2023-12-03 10:21:23,873] multiqc                                            [DEBUG  ]  File ignored by longranger/invocation because it exceeded search pattern filesize limit: CK0824_S9_L001_R1_001.fastq.gz_trimming_report.txt
[2023-12-03 10:21:23,900] multiqc                                            [DEBUG  ]  Ignoring file as matched an ignore pattern: CK0816_S1_L001_R2_001_val_2.fq.gz
[2023-12-03 10:21:23,902] multiqc                                            [DEBUG  ]  Ignoring file as matched an ignore pattern: CK0824_S9_L001_R1_001_val_1.fq.gz
[2023-12-03 10:21:23,902] multiqc                                            [DEBUG  ]  Ignoring file as matched an ignore pattern: CK0823_S8_L001_R2_001_val_2.fq.gz
[2023-12-03 10:21:23,902] multiqc                                            [DEBUG  ]  Ignoring file as matched an ignore pattern: CK0818_S3_L001_R2_001_val_2.fq.gz
[2023-12-03 10:21:23,902] multiqc                                            [DEBUG  ]  Ignoring file as matched an ignore pattern: CK0821_S6_L001_R2_001_val_2.fq.gz
[2023-12-03 10:21:23,915] multiqc                                            [DEBUG  ]  File ignored by ccs/v4 because it exceeded search pattern filesize limit: CK0823_S8_L001_R1_001_val_1_fastqc.html
[2023-12-03 10:21:23,921] multiqc                                            [DEBUG  ]  File ignored by hicexplorer because it exceeded search pattern filesize limit: CK0823_S8_L001_R1_001_val_1_fastqc.html
[2023-12-03 10:21:23,922] multiqc                                            [DEBUG  ]  File ignored by lima/summary because it exceeded search pattern filesize limit: CK0823_S8_L001_R1_001_val_1_fastqc.html
[2023-12-03 10:21:23,935] multiqc                                            [DEBUG  ]  File ignored by vep/vep_txt because it exceeded search pattern filesize limit: CK0823_S8_L001_R1_001_val_1_fastqc.html
[2023-12-03 10:21:23,935] multiqc                                            [DEBUG  ]  File ignored by longranger/invocation because it exceeded search pattern filesize limit: CK0823_S8_L001_R1_001_val_1_fastqc.html
[2023-12-03 10:21:24,003] multiqc                                            [DEBUG  ]  File ignored by nanostat because it exceeded search pattern filesize limit: CK0823_S8_L001_R1_001_val_1_fastqc.html
[2023-12-03 10:21:24,028] multiqc                                            [DEBUG  ]  File ignored by ccs/v4 because it exceeded search pattern filesize limit: CK0824_S9_L001_R2_001.fastq.gz_trimming_report.txt
[2023-12-03 10:21:24,036] multiqc                                            [DEBUG  ]  File ignored by lima/summary because it exceeded search pattern filesize limit: CK0824_S9_L001_R2_001.fastq.gz_trimming_report.txt
[2023-12-03 10:21:24,049] multiqc                                            [DEBUG  ]  File ignored by longranger/invocation because it exceeded search pattern filesize limit: CK0824_S9_L001_R2_001.fastq.gz_trimming_report.txt
[2023-12-03 10:21:24,080] multiqc                                            [DEBUG  ]  Ignoring file as matched an ignore pattern: CK0819_S4_L001_R2_001_val_2.fq.gz
[2023-12-03 10:21:24,094] multiqc                                            [DEBUG  ]  File ignored by ccs/v4 because it exceeded search pattern filesize limit: CK0818_S3_L001_R2_001_val_2_fastqc.html
[2023-12-03 10:21:24,101] multiqc                                            [DEBUG  ]  File ignored by hicexplorer because it exceeded search pattern filesize limit: CK0818_S3_L001_R2_001_val_2_fastqc.html
[2023-12-03 10:21:24,102] multiqc                                            [DEBUG  ]  File ignored by lima/summary because it exceeded search pattern filesize limit: CK0818_S3_L001_R2_001_val_2_fastqc.html
[2023-12-03 10:21:24,114] multiqc                                            [DEBUG  ]  File ignored by vep/vep_txt because it exceeded search pattern filesize limit: CK0818_S3_L001_R2_001_val_2_fastqc.html
[2023-12-03 10:21:24,115] multiqc                                            [DEBUG  ]  File ignored by longranger/invocation because it exceeded search pattern filesize limit: CK0818_S3_L001_R2_001_val_2_fastqc.html
[2023-12-03 10:21:24,180] multiqc                                            [DEBUG  ]  File ignored by nanostat because it exceeded search pattern filesize limit: CK0818_S3_L001_R2_001_val_2_fastqc.html
[2023-12-03 10:21:24,198] multiqc                                            [DEBUG  ]  File ignored by ccs/v4 because it exceeded search pattern filesize limit: CK0816_S1_L001_R1_001_val_1_fastqc.html
[2023-12-03 10:21:24,205] multiqc                                            [DEBUG  ]  File ignored by hicexplorer because it exceeded search pattern filesize limit: CK0816_S1_L001_R1_001_val_1_fastqc.html
[2023-12-03 10:21:24,206] multiqc                                            [DEBUG  ]  File ignored by lima/summary because it exceeded search pattern filesize limit: CK0816_S1_L001_R1_001_val_1_fastqc.html
[2023-12-03 10:21:24,218] multiqc                                            [DEBUG  ]  File ignored by vep/vep_txt because it exceeded search pattern filesize limit: CK0816_S1_L001_R1_001_val_1_fastqc.html
[2023-12-03 10:21:24,219] multiqc                                            [DEBUG  ]  File ignored by longranger/invocation because it exceeded search pattern filesize limit: CK0816_S1_L001_R1_001_val_1_fastqc.html
[2023-12-03 10:21:24,285] multiqc                                            [DEBUG  ]  File ignored by nanostat because it exceeded search pattern filesize limit: CK0816_S1_L001_R1_001_val_1_fastqc.html
[2023-12-03 10:21:24,303] multiqc                                            [DEBUG  ]  File ignored by ccs/v4 because it exceeded search pattern filesize limit: CK0824_S9_L001_R1_001_val_1_fastqc.html
[2023-12-03 10:21:24,309] multiqc                                            [DEBUG  ]  File ignored by hicexplorer because it exceeded search pattern filesize limit: CK0824_S9_L001_R1_001_val_1_fastqc.html
[2023-12-03 10:21:24,310] multiqc                                            [DEBUG  ]  File ignored by lima/summary because it exceeded search pattern filesize limit: CK0824_S9_L001_R1_001_val_1_fastqc.html
[2023-12-03 10:21:24,322] multiqc                                            [DEBUG  ]  File ignored by vep/vep_txt because it exceeded search pattern filesize limit: CK0824_S9_L001_R1_001_val_1_fastqc.html
[2023-12-03 10:21:24,323] multiqc                                            [DEBUG  ]  File ignored by longranger/invocation because it exceeded search pattern filesize limit: CK0824_S9_L001_R1_001_val_1_fastqc.html
[2023-12-03 10:21:24,390] multiqc                                            [DEBUG  ]  File ignored by nanostat because it exceeded search pattern filesize limit: CK0824_S9_L001_R1_001_val_1_fastqc.html
[2023-12-03 10:21:24,408] multiqc                                            [DEBUG  ]  File ignored by ccs/v4 because it exceeded search pattern filesize limit: CK0817_S2_L001_R2_001_val_2_fastqc.html
[2023-12-03 10:21:24,415] multiqc                                            [DEBUG  ]  File ignored by hicexplorer because it exceeded search pattern filesize limit: CK0817_S2_L001_R2_001_val_2_fastqc.html
[2023-12-03 10:21:24,415] multiqc                                            [DEBUG  ]  File ignored by lima/summary because it exceeded search pattern filesize limit: CK0817_S2_L001_R2_001_val_2_fastqc.html
[2023-12-03 10:21:24,428] multiqc                                            [DEBUG  ]  File ignored by vep/vep_txt because it exceeded search pattern filesize limit: CK0817_S2_L001_R2_001_val_2_fastqc.html
[2023-12-03 10:21:24,428] multiqc                                            [DEBUG  ]  File ignored by longranger/invocation because it exceeded search pattern filesize limit: CK0817_S2_L001_R2_001_val_2_fastqc.html
[2023-12-03 10:21:24,494] multiqc                                            [DEBUG  ]  File ignored by nanostat because it exceeded search pattern filesize limit: CK0817_S2_L001_R2_001_val_2_fastqc.html
[2023-12-03 10:21:24,512] multiqc                                            [DEBUG  ]  File ignored by ccs/v4 because it exceeded search pattern filesize limit: CK0817_S2_L001_R1_001_val_1_fastqc.html
[2023-12-03 10:21:24,518] multiqc                                            [DEBUG  ]  File ignored by hicexplorer because it exceeded search pattern filesize limit: CK0817_S2_L001_R1_001_val_1_fastqc.html
[2023-12-03 10:21:24,519] multiqc                                            [DEBUG  ]  File ignored by lima/summary because it exceeded search pattern filesize limit: CK0817_S2_L001_R1_001_val_1_fastqc.html
[2023-12-03 10:21:24,532] multiqc                                            [DEBUG  ]  File ignored by vep/vep_txt because it exceeded search pattern filesize limit: CK0817_S2_L001_R1_001_val_1_fastqc.html
[2023-12-03 10:21:24,532] multiqc                                            [DEBUG  ]  File ignored by longranger/invocation because it exceeded search pattern filesize limit: CK0817_S2_L001_R1_001_val_1_fastqc.html
[2023-12-03 10:21:24,598] multiqc                                            [DEBUG  ]  File ignored by nanostat because it exceeded search pattern filesize limit: CK0817_S2_L001_R1_001_val_1_fastqc.html
[2023-12-03 10:21:24,610] multiqc                                            [DEBUG  ]  Ignoring file as matched an ignore pattern: CK0819_S4_L001_R1_001_val_1.fq.gz
[2023-12-03 10:21:24,633] multiqc                                            [DEBUG  ]  File ignored by ccs/v4 because it exceeded search pattern filesize limit: CK0822_S7_L001_R1_001.fastq.gz_trimming_report.txt
[2023-12-03 10:21:24,643] multiqc                                            [DEBUG  ]  File ignored by lima/summary because it exceeded search pattern filesize limit: CK0822_S7_L001_R1_001.fastq.gz_trimming_report.txt
[2023-12-03 10:21:24,659] multiqc                                            [DEBUG  ]  File ignored by longranger/invocation because it exceeded search pattern filesize limit: CK0822_S7_L001_R1_001.fastq.gz_trimming_report.txt
[2023-12-03 10:21:24,701] multiqc                                            [DEBUG  ]  Ignoring file as matched an ignore pattern: CK0818_S3_L001_R1_001_val_1.fq.gz
[2023-12-03 10:21:24,718] multiqc                                            [DEBUG  ]  File ignored by ccs/v4 because it exceeded search pattern filesize limit: CK0819_S4_L001_R1_001_val_1_fastqc.html
[2023-12-03 10:21:24,726] multiqc                                            [DEBUG  ]  File ignored by hicexplorer because it exceeded search pattern filesize limit: CK0819_S4_L001_R1_001_val_1_fastqc.html
[2023-12-03 10:21:24,727] multiqc                                            [DEBUG  ]  File ignored by lima/summary because it exceeded search pattern filesize limit: CK0819_S4_L001_R1_001_val_1_fastqc.html
[2023-12-03 10:21:24,743] multiqc                                            [DEBUG  ]  File ignored by vep/vep_txt because it exceeded search pattern filesize limit: CK0819_S4_L001_R1_001_val_1_fastqc.html
[2023-12-03 10:21:24,744] multiqc                                            [DEBUG  ]  File ignored by longranger/invocation because it exceeded search pattern filesize limit: CK0819_S4_L001_R1_001_val_1_fastqc.html
[2023-12-03 10:21:24,810] multiqc                                            [DEBUG  ]  File ignored by nanostat because it exceeded search pattern filesize limit: CK0819_S4_L001_R1_001_val_1_fastqc.html
[2023-12-03 10:21:24,843] multiqc                                            [DEBUG  ]  File ignored by ccs/v4 because it exceeded search pattern filesize limit: CK0822_S7_L001_R2_001.fastq.gz_trimming_report.txt
[2023-12-03 10:21:24,851] multiqc                                            [DEBUG  ]  File ignored by lima/summary because it exceeded search pattern filesize limit: CK0822_S7_L001_R2_001.fastq.gz_trimming_report.txt
[2023-12-03 10:21:24,864] multiqc                                            [DEBUG  ]  File ignored by longranger/invocation because it exceeded search pattern filesize limit: CK0822_S7_L001_R2_001.fastq.gz_trimming_report.txt
[2023-12-03 10:21:24,895] multiqc                                            [DEBUG  ]  Ignoring file as matched an ignore pattern: CK0820_S5_L001_R1_001_val_1.fq.gz
[2023-12-03 10:21:28,705] multiqc.plots.bargraph                             [DEBUG  ]  Using matplotlib version 3.3.4
[2023-12-03 10:21:28,707] multiqc.plots.linegraph                            [DEBUG  ]  Using matplotlib version 3.3.4
[2023-12-03 10:21:29,001] multiqc.modules.cutadapt.cutadapt                  [INFO   ]  Found 18 reports
[2023-12-03 10:21:32,059] multiqc.modules.fastqc.fastqc                      [INFO   ]  Found 18 reports
[2023-12-03 10:21:32,492] multiqc                                            [INFO   ]  Compressing plot data
[2023-12-03 10:21:33,041] multiqc                                            [INFO   ]  Report      : multiqc_report.html
[2023-12-03 10:21:33,041] multiqc                                            [INFO   ]  Data        : multiqc_data
[2023-12-03 10:21:33,041] multiqc                                            [DEBUG  ]  Moving data file from '/scratch/tmpw4ffpr4g/multiqc_data' to '/crex/proj/snic2020-16-228/Qun/QunAnalysis/finalResult/trimmedFQ/multiqc_data'
[2023-12-03 10:21:33,624] multiqc                                            [INFO   ]  MultiQC complete
